d:\monitor\win32\release\moc_statusbar.obj
d:\monitor\win32\release\moc_serialport.obj
d:\monitor\win32\release\moc_rtwavewnd.obj
d:\monitor\win32\release\moc_rtdatatablewnd.obj
d:\monitor\win32\release\moc_minewnd.obj
d:\monitor\win32\release\moc_menubar.obj
d:\monitor\win32\release\moc_mainwindow.obj
d:\monitor\win32\release\moc_ledctl.obj
d:\monitor\win32\release\moc_giswnd.obj
d:\monitor\win32\release\moc_communication.obj
d:\monitor\win32\release\moc_commset.obj
d:\monitor\win32\release\minewnd.obj
d:\monitor\win32\release\menubar.obj
d:\monitor\win32\release\mainwindow.obj
d:\monitor\win32\release\main.obj
d:\monitor\win32\release\ledctl.obj
d:\monitor\win32\release\giswnd.obj
d:\monitor\win32\release\datamanager.obj
d:\monitor\win32\release\communication.obj
d:\monitor\win32\release\commset.obj
d:\monitor\win32\release\widget.obj
d:\monitor\win32\release\wellwnd.obj
d:\monitor\win32\release\valuectl.obj
d:\monitor\win32\release\toolbar.obj
d:\monitor\win32\release\testmap.obj
d:\monitor\win32\release\statusbar.obj
d:\monitor\win32\release\serialport.obj
d:\monitor\win32\release\scrolltabctl.obj
d:\monitor\win32\release\rtwavewnd.obj
d:\monitor\win32\release\rtdatatablewnd.obj
d:\monitor\win32\release\moc_widget.obj
d:\monitor\win32\release\moc_wellwnd.obj
d:\monitor\win32\release\moc_valuectl.obj
d:\monitor\win32\release\moc_toolbar.obj
d:\monitor\win32\release\moc_testmap.obj
d:\monitor\win32\release\vc120.pdb
d:\monitor\release\moc_commset.cpp
d:\monitor\release\moc_communication.cpp
d:\monitor\release\moc_giswnd.cpp
d:\monitor\release\moc_ledctl.cpp
d:\monitor\release\moc_mainwindow.cpp
d:\monitor\release\moc_menubar.cpp
d:\monitor\release\moc_minewnd.cpp
d:\monitor\release\moc_rtdatatablewnd.cpp
d:\monitor\release\moc_rtwavewnd.cpp
d:\monitor\release\moc_serialport.cpp
d:\monitor\release\moc_statusbar.cpp
d:\monitor\release\moc_testmap.cpp
d:\monitor\release\moc_toolbar.cpp
d:\monitor\release\moc_valuectl.cpp
d:\monitor\release\moc_wellwnd.cpp
d:\monitor\release\moc_widget.cpp
d:\monitor\bin\monitor.exe
d:\monitor\win32\release\monitor.tlog\cl.command.1.tlog
d:\monitor\win32\release\monitor.tlog\cl.read.1.tlog
d:\monitor\win32\release\monitor.tlog\cl.write.1.tlog
d:\monitor\win32\release\monitor.tlog\custombuild.command.1.tlog
d:\monitor\win32\release\monitor.tlog\custombuild.read.1.tlog
d:\monitor\win32\release\monitor.tlog\custombuild.write.1.tlog
d:\monitor\win32\release\monitor.tlog\link.command.1.tlog
d:\monitor\win32\release\monitor.tlog\link.read.1.tlog
d:\monitor\win32\release\monitor.tlog\link.write.1.tlog
